This file contains any messages produced by compilers while
running configure, to aid debugging if configure makes a mistake.

It was created by libwebp configure 0.4.2, which was
generated by GNU Autoconf 2.69.  Invocation command line was

  $ ./configure --host=aarch64-apple-darwin --prefix=/Users/lololol/Desktop/new/iosbuild/iPhoneOS-8.1-aarch64 --build=x86_64-apple-darwin13.4.0 --disable-shared --enable-static --enable-libwebpdecoder --enable-swap-16bit-csp CFLAGS=-arch arm64 -pipe -isysroot /Applications/Xcode.app/Contents/Developer/Platforms/iPhoneOS.platform/Developer/SDKs/iPhoneOS8.1.sdk/ -O3 -DNDEBUG -miphoneos-version-min=6.0

## --------- ##
## Platform. ##
## --------- ##

hostname = lololols-MacBook-Air-3.local
uname -m = x86_64
uname -r = 13.4.0
uname -s = Darwin
uname -v = Darwin Kernel Version 13.4.0: Sun Aug 17 19:50:11 PDT 2014; root:xnu-2422.115.4~1/RELEASE_X86_64

/usr/bin/uname -p = i386
/bin/uname -X     = unknown

/bin/arch              = unknown
/usr/bin/arch -k       = unknown
/usr/convex/getsysinfo = unknown
/usr/bin/hostinfo      = Mach kernel version:
	 Darwin Kernel Version 13.4.0: Sun Aug 17 19:50:11 PDT 2014; root:xnu-2422.115.4~1/RELEASE_X86_64
Kernel configured for up to 4 processors.
2 processors are physically available.
4 processors are logically available.
Processor type: i486 (Intel 80486)
Processors active: 0 1 2 3
Primary memory available: 8.00 gigabytes
Default processor set: 210 tasks, 1371 threads, 4 processors
Load average: 2.10, Mach factor: 1.93
/bin/machine           = unknown
/usr/bin/oslevel       = unknown
/bin/universe          = unknown

PATH: /Applications/Xcode.app/Contents/Developer/Toolchains/XcodeDefault.xctoolchain/usr/bin
PATH: /Applications/Postgres.app/Contents/Versions/9.3/bin
PATH: /usr/local/heroku/bin
PATH: /Library/Frameworks/Python.framework/Versions/2.7/bin
PATH: /Applications/Postgres.app/Contents/Versions/9.3/bin
PATH: /Users/lololol/anaconda/bin
PATH: /Users/lololol/anaconda/bin
PATH: /Users/lololol/anaconda/bin
PATH: /Library/Frameworks/Python.framework/Versions/2.7/bin
PATH: /Library/Frameworks/Python.framework/Versions/3.4/bin
PATH: /Library/Frameworks/Python.framework/Versions/2.7/bin
PATH: /Library/Frameworks/Python.framework/Versions/3.4/bin
PATH: /Users/lololol/.rvm/gems/ruby-2.1.1/bin
PATH: /Users/lololol/.rvm/gems/ruby-2.1.1@global/bin
PATH: /Users/lololol/.rvm/rubies/ruby-2.1.1/bin
PATH: /Library/Frameworks/Python.framework/Versions/2.7/bin
PATH: /opt/local/bin
PATH: /opt/local/sbin
PATH: /Library/Frameworks/Python.framework/Versions/3.4/bin
PATH: /Library/Frameworks/Python.framework/Versions/2.7/bin
PATH: /usr/bin
PATH: /bin
PATH: /usr/sbin
PATH: /sbin
PATH: /usr/local/bin
PATH: /opt/X11/bin
PATH: /usr/local/git/bin
PATH: /Users/lololol/.rvm/bin
PATH: /Users/lololol/.rvm/bin


## ----------- ##
## Core tests. ##
## ----------- ##

configure:2330: checking build system type
configure:2344: result: x86_64-apple-darwin13.4.0
configure:2364: checking host system type
configure:2377: result: aarch64-apple-darwin
configure:2414: checking for a BSD-compatible install
configure:2482: result: /usr/bin/install -c
configure:2493: checking whether build environment is sane
configure:2548: result: yes
configure:2607: checking for aarch64-apple-darwin-strip
configure:2637: result: no
configure:2647: checking for strip
configure:2663: found /Applications/Xcode.app/Contents/Developer/Toolchains/XcodeDefault.xctoolchain/usr/bin/strip
configure:2674: result: strip
configure:2686: WARNING: using cross tools not prefixed with host triplet
configure:2699: checking for a thread-safe mkdir -p
configure:2738: result: ./install-sh -c -d
configure:2745: checking for gawk
configure:2775: result: no
configure:2745: checking for mawk
configure:2775: result: no
configure:2745: checking for nawk
configure:2775: result: no
configure:2745: checking for awk
configure:2761: found /usr/bin/awk
configure:2772: result: awk
configure:2783: checking whether make sets $(MAKE)
configure:2805: result: yes
configure:2834: checking whether make supports nested variables
configure:2851: result: yes
configure:2989: checking for style of include used by make
configure:3017: result: GNU
configure:3048: checking for aarch64-apple-darwin-gcc
configure:3078: result: no
configure:3088: checking for gcc
configure:3104: found /usr/bin/gcc
configure:3115: result: gcc
configure:3344: checking for C compiler version
configure:3353: gcc --version >&5
Apple LLVM version 6.0 (clang-600.0.56) (based on LLVM 3.5svn)
Target: x86_64-apple-darwin13.4.0
Thread model: posix
Configured with: --prefix=/Applications/Xcode.app/Contents/Developer/usr --with-gxx-include-dir=/usr/include/c++/4.2.1
configure:3364: $? = 0
configure:3353: gcc -v >&5
Configured with: --prefix=/Applications/Xcode.app/Contents/Developer/usr --with-gxx-include-dir=/usr/include/c++/4.2.1
Apple LLVM version 6.0 (clang-600.0.56) (based on LLVM 3.5svn)
Target: x86_64-apple-darwin13.4.0
Thread model: posix
configure:3364: $? = 0
configure:3353: gcc -V >&5
clang: error: argument to '-V' is missing (expected 1 value)
clang: error: no input files
configure:3364: $? = 1
configure:3353: gcc -qversion >&5
clang: error: unknown argument: '-qversion'
clang: error: no input files
configure:3364: $? = 1
configure:3384: checking whether the C compiler works
configure:3406: gcc -arch arm64 -pipe -isysroot /Applications/Xcode.app/Contents/Developer/Platforms/iPhoneOS.platform/Developer/SDKs/iPhoneOS8.1.sdk/ -O3 -DNDEBUG -miphoneos-version-min=6.0   conftest.c  >&5
configure:3410: $? = 0
configure:3458: result: yes
configure:3461: checking for C compiler default output file name
configure:3463: result: a.out
configure:3469: checking for suffix of executables
configure:3476: gcc -o conftest -arch arm64 -pipe -isysroot /Applications/Xcode.app/Contents/Developer/Platforms/iPhoneOS.platform/Developer/SDKs/iPhoneOS8.1.sdk/ -O3 -DNDEBUG -miphoneos-version-min=6.0   conftest.c  >&5
configure:3480: $? = 0
configure:3502: result: 
configure:3524: checking whether we are cross compiling
configure:3562: result: yes
configure:3567: checking for suffix of object files
configure:3589: gcc -c -arch arm64 -pipe -isysroot /Applications/Xcode.app/Contents/Developer/Platforms/iPhoneOS.platform/Developer/SDKs/iPhoneOS8.1.sdk/ -O3 -DNDEBUG -miphoneos-version-min=6.0  conftest.c >&5
configure:3593: $? = 0
configure:3614: result: o
configure:3618: checking whether we are using the GNU C compiler
configure:3637: gcc -c -arch arm64 -pipe -isysroot /Applications/Xcode.app/Contents/Developer/Platforms/iPhoneOS.platform/Developer/SDKs/iPhoneOS8.1.sdk/ -O3 -DNDEBUG -miphoneos-version-min=6.0  conftest.c >&5
configure:3637: $? = 0
configure:3646: result: yes
configure:3655: checking whether gcc accepts -g
configure:3675: gcc -c -g  conftest.c >&5
configure:3675: $? = 0
configure:3716: result: yes
configure:3733: checking for gcc option to accept ISO C89
configure:3796: gcc  -c -arch arm64 -pipe -isysroot /Applications/Xcode.app/Contents/Developer/Platforms/iPhoneOS.platform/Developer/SDKs/iPhoneOS8.1.sdk/ -O3 -DNDEBUG -miphoneos-version-min=6.0  conftest.c >&5
configure:3796: $? = 0
configure:3809: result: none needed
configure:3834: checking whether gcc understands -c and -o together
configure:3856: gcc -c conftest.c -o conftest2.o
configure:3859: $? = 0
configure:3856: gcc -c conftest.c -o conftest2.o
configure:3859: $? = 0
configure:3871: result: yes
configure:3890: checking dependency style of gcc
configure:4001: result: gcc3
configure:4022: checking for aarch64-apple-darwin-ar
configure:4052: result: no
configure:4022: checking for aarch64-apple-darwin-lib
configure:4052: result: no
configure:4022: checking for aarch64-apple-darwin-link
configure:4052: result: no
configure:4066: checking for ar
configure:4082: found /Applications/Xcode.app/Contents/Developer/Toolchains/XcodeDefault.xctoolchain/usr/bin/ar
configure:4093: result: ar
configure:4119: checking the archiver (ar) interface
configure:4135: gcc -c -arch arm64 -pipe -isysroot /Applications/Xcode.app/Contents/Developer/Platforms/iPhoneOS.platform/Developer/SDKs/iPhoneOS8.1.sdk/ -O3 -DNDEBUG -miphoneos-version-min=6.0  conftest.c >&5
configure:4135: $? = 0
configure:4137: ar cru libconftest.a conftest.o >&5
configure:4140: $? = 0
configure:4168: result: ar
configure:4235: checking how to print strings
configure:4262: result: printf
configure:4283: checking for a sed that does not truncate output
configure:4347: result: /usr/bin/sed
configure:4365: checking for grep that handles long lines and -e
configure:4423: result: /usr/bin/grep
configure:4428: checking for egrep
configure:4490: result: /usr/bin/grep -E
configure:4495: checking for fgrep
configure:4557: result: /usr/bin/grep -F
configure:4592: checking for ld used by gcc
configure:4659: result: /Applications/Xcode.app/Contents/Developer/Toolchains/XcodeDefault.xctoolchain/usr/bin/ld
configure:4666: checking if the linker (/Applications/Xcode.app/Contents/Developer/Toolchains/XcodeDefault.xctoolchain/usr/bin/ld) is GNU ld
configure:4681: result: no
configure:4693: checking for BSD- or MS-compatible name lister (nm)
configure:4742: result: no
configure:4756: checking for aarch64-apple-darwin-dumpbin
configure:4786: result: no
configure:4756: checking for aarch64-apple-darwin-link
configure:4786: result: no
configure:4800: checking for dumpbin
configure:4830: result: no
configure:4800: checking for link
configure:4816: found /bin/link
configure:4827: result: link -dump
configure:4872: checking the name lister (nm) interface
configure:4879: gcc -c -arch arm64 -pipe -isysroot /Applications/Xcode.app/Contents/Developer/Platforms/iPhoneOS.platform/Developer/SDKs/iPhoneOS8.1.sdk/ -O3 -DNDEBUG -miphoneos-version-min=6.0  conftest.c >&5
configure:4882: nm "conftest.o"
configure:4885: output
0000000000000000 S _some_variable
0000000000000000 t ltmp0
configure:4892: result: BSD nm
configure:4895: checking whether ln -s works
configure:4899: result: yes
configure:4907: checking the maximum length of command line arguments
configure:5037: result: 196608
configure:5054: checking whether the shell understands some XSI constructs
configure:5064: result: yes
configure:5068: checking whether the shell understands "+="
configure:5074: result: yes
configure:5109: checking how to convert x86_64-apple-darwin13.4.0 file names to aarch64-apple-darwin format
configure:5149: result: func_convert_file_noop
configure:5156: checking how to convert x86_64-apple-darwin13.4.0 file names to toolchain format
configure:5176: result: func_convert_file_noop
configure:5183: checking for /Applications/Xcode.app/Contents/Developer/Toolchains/XcodeDefault.xctoolchain/usr/bin/ld option to reload object files
configure:5190: result: -r
configure:5224: checking for aarch64-apple-darwin-objdump
configure:5254: result: no
configure:5264: checking for objdump
configure:5294: result: no
configure:5323: checking how to recognize dependent libraries
configure:5525: result: pass_all
configure:5570: checking for aarch64-apple-darwin-dlltool
configure:5600: result: no
configure:5610: checking for dlltool
configure:5640: result: no
configure:5670: checking how to associate runtime and link libraries
configure:5697: result: printf %s\n
configure:5713: checking for aarch64-apple-darwin-ar
configure:5740: result: ar
configure:5821: checking for archiver @FILE support
configure:5838: gcc -c -arch arm64 -pipe -isysroot /Applications/Xcode.app/Contents/Developer/Platforms/iPhoneOS.platform/Developer/SDKs/iPhoneOS8.1.sdk/ -O3 -DNDEBUG -miphoneos-version-min=6.0  conftest.c >&5
configure:5838: $? = 0
configure:5841: ar cru libconftest.a @conftest.lst >&5
ar: @conftest.lst: No such file or directory
configure:5844: $? = 1
configure:5864: result: no
configure:5882: checking for aarch64-apple-darwin-strip
configure:5909: result: strip
configure:5981: checking for aarch64-apple-darwin-ranlib
configure:6011: result: no
configure:6021: checking for ranlib
configure:6037: found /Applications/Xcode.app/Contents/Developer/Toolchains/XcodeDefault.xctoolchain/usr/bin/ranlib
configure:6048: result: ranlib
configure:6150: checking command to parse nm output from gcc object
configure:6270: gcc -c -arch arm64 -pipe -isysroot /Applications/Xcode.app/Contents/Developer/Platforms/iPhoneOS.platform/Developer/SDKs/iPhoneOS8.1.sdk/ -O3 -DNDEBUG -miphoneos-version-min=6.0  conftest.c >&5
configure:6273: $? = 0
configure:6277: nm conftest.o \| sed -n -e 's/^.*[ ]\([BCDEGRST][BCDEGRST]*\)[ ][ ]*\([_A-Za-z][_A-Za-z0-9]*\)$/\1 \2 \2/p' | sed '/ __gnu_lto/d' \> conftest.nm
configure:6280: $? = 0
cannot find nm_test_var in conftest.nm
configure:6270: gcc -c -arch arm64 -pipe -isysroot /Applications/Xcode.app/Contents/Developer/Platforms/iPhoneOS.platform/Developer/SDKs/iPhoneOS8.1.sdk/ -O3 -DNDEBUG -miphoneos-version-min=6.0  conftest.c >&5
configure:6273: $? = 0
configure:6277: nm conftest.o \| sed -n -e 's/^.*[ ]\([BCDEGRST][BCDEGRST]*\)[ ][ ]*_\([_A-Za-z][_A-Za-z0-9]*\)$/\1 _\2 \2/p' | sed '/ __gnu_lto/d' \> conftest.nm
configure:6280: $? = 0
configure:6346: gcc -o conftest -arch arm64 -pipe -isysroot /Applications/Xcode.app/Contents/Developer/Platforms/iPhoneOS.platform/Developer/SDKs/iPhoneOS8.1.sdk/ -O3 -DNDEBUG -miphoneos-version-min=6.0   conftest.c conftstm.o >&5
configure:6349: $? = 0
configure:6387: result: ok
configure:6424: checking for sysroot
configure:6454: result: no
configure:6670: checking for aarch64-apple-darwin-mt
configure:6700: result: no
configure:6710: checking for mt
configure:6740: result: no
configure:6760: checking if : is a manifest tool
configure:6766: : '-?'
configure:6774: result: no
configure:6790: checking for aarch64-apple-darwin-dsymutil
configure:6820: result: no
configure:6830: checking for dsymutil
configure:6846: found /Applications/Xcode.app/Contents/Developer/Toolchains/XcodeDefault.xctoolchain/usr/bin/dsymutil
configure:6857: result: dsymutil
configure:6882: checking for aarch64-apple-darwin-nmedit
configure:6912: result: no
configure:6922: checking for nmedit
configure:6938: found /Applications/Xcode.app/Contents/Developer/Toolchains/XcodeDefault.xctoolchain/usr/bin/nmedit
configure:6949: result: nmedit
configure:6974: checking for aarch64-apple-darwin-lipo
configure:7004: result: no
configure:7014: checking for lipo
configure:7030: found /Applications/Xcode.app/Contents/Developer/Toolchains/XcodeDefault.xctoolchain/usr/bin/lipo
configure:7041: result: lipo
configure:7066: checking for aarch64-apple-darwin-otool
configure:7096: result: no
configure:7106: checking for otool
configure:7122: found /Applications/Xcode.app/Contents/Developer/Toolchains/XcodeDefault.xctoolchain/usr/bin/otool
configure:7133: result: otool
configure:7158: checking for aarch64-apple-darwin-otool64
configure:7188: result: no
configure:7198: checking for otool64
configure:7228: result: no
configure:7273: checking for -single_module linker flag
gcc -arch arm64 -pipe -isysroot /Applications/Xcode.app/Contents/Developer/Platforms/iPhoneOS.platform/Developer/SDKs/iPhoneOS8.1.sdk/ -O3 -DNDEBUG -miphoneos-version-min=6.0  -o libconftest.dylib -dynamiclib -Wl,-single_module conftest.c
configure:7306: result: yes
configure:7309: checking for -exported_symbols_list linker flag
configure:7329: gcc -o conftest -arch arm64 -pipe -isysroot /Applications/Xcode.app/Contents/Developer/Platforms/iPhoneOS.platform/Developer/SDKs/iPhoneOS8.1.sdk/ -O3 -DNDEBUG -miphoneos-version-min=6.0   -Wl,-exported_symbols_list,conftest.sym conftest.c  >&5
configure:7329: $? = 0
configure:7339: result: yes
configure:7342: checking for -force_load linker flag
gcc -arch arm64 -pipe -isysroot /Applications/Xcode.app/Contents/Developer/Platforms/iPhoneOS.platform/Developer/SDKs/iPhoneOS8.1.sdk/ -O3 -DNDEBUG -miphoneos-version-min=6.0 -c -o conftest.o conftest.c
ar cru libconftest.a conftest.o
ranlib libconftest.a
gcc -arch arm64 -pipe -isysroot /Applications/Xcode.app/Contents/Developer/Platforms/iPhoneOS.platform/Developer/SDKs/iPhoneOS8.1.sdk/ -O3 -DNDEBUG -miphoneos-version-min=6.0  -o conftest conftest.c -Wl,-force_load,./libconftest.a
configure:7374: result: yes
configure:7416: checking how to run the C preprocessor
configure:7447: gcc -E  conftest.c
configure:7447: $? = 0
configure:7461: gcc -E  conftest.c
conftest.c:11:10: fatal error: 'ac_nonexistent.h' file not found
#include <ac_nonexistent.h>
         ^
1 error generated.
configure:7461: $? = 1
configure: failed program was:
| /* confdefs.h */
| #define PACKAGE_NAME "libwebp"
| #define PACKAGE_TARNAME "libwebp"
| #define PACKAGE_VERSION "0.4.2"
| #define PACKAGE_STRING "libwebp 0.4.2"
| #define PACKAGE_BUGREPORT "http://code.google.com/p/webp/issues"
| #define PACKAGE_URL "http://developers.google.com/speed/webp"
| #define PACKAGE "libwebp"
| #define VERSION "0.4.2"
| /* end confdefs.h.  */
| #include <ac_nonexistent.h>
configure:7486: result: gcc -E
configure:7506: gcc -E  conftest.c
configure:7506: $? = 0
configure:7520: gcc -E  conftest.c
conftest.c:11:10: fatal error: 'ac_nonexistent.h' file not found
#include <ac_nonexistent.h>
         ^
1 error generated.
configure:7520: $? = 1
configure: failed program was:
| /* confdefs.h */
| #define PACKAGE_NAME "libwebp"
| #define PACKAGE_TARNAME "libwebp"
| #define PACKAGE_VERSION "0.4.2"
| #define PACKAGE_STRING "libwebp 0.4.2"
| #define PACKAGE_BUGREPORT "http://code.google.com/p/webp/issues"
| #define PACKAGE_URL "http://developers.google.com/speed/webp"
| #define PACKAGE "libwebp"
| #define VERSION "0.4.2"
| /* end confdefs.h.  */
| #include <ac_nonexistent.h>
configure:7549: checking for ANSI C header files
configure:7569: gcc -c -arch arm64 -pipe -isysroot /Applications/Xcode.app/Contents/Developer/Platforms/iPhoneOS.platform/Developer/SDKs/iPhoneOS8.1.sdk/ -O3 -DNDEBUG -miphoneos-version-min=6.0  conftest.c >&5
configure:7569: $? = 0
configure:7653: result: yes
configure:7666: checking for sys/types.h
configure:7666: gcc -c -arch arm64 -pipe -isysroot /Applications/Xcode.app/Contents/Developer/Platforms/iPhoneOS.platform/Developer/SDKs/iPhoneOS8.1.sdk/ -O3 -DNDEBUG -miphoneos-version-min=6.0  conftest.c >&5
configure:7666: $? = 0
configure:7666: result: yes
configure:7666: checking for sys/stat.h
configure:7666: gcc -c -arch arm64 -pipe -isysroot /Applications/Xcode.app/Contents/Developer/Platforms/iPhoneOS.platform/Developer/SDKs/iPhoneOS8.1.sdk/ -O3 -DNDEBUG -miphoneos-version-min=6.0  conftest.c >&5
configure:7666: $? = 0
configure:7666: result: yes
configure:7666: checking for stdlib.h
configure:7666: gcc -c -arch arm64 -pipe -isysroot /Applications/Xcode.app/Contents/Developer/Platforms/iPhoneOS.platform/Developer/SDKs/iPhoneOS8.1.sdk/ -O3 -DNDEBUG -miphoneos-version-min=6.0  conftest.c >&5
configure:7666: $? = 0
configure:7666: result: yes
configure:7666: checking for string.h
configure:7666: gcc -c -arch arm64 -pipe -isysroot /Applications/Xcode.app/Contents/Developer/Platforms/iPhoneOS.platform/Developer/SDKs/iPhoneOS8.1.sdk/ -O3 -DNDEBUG -miphoneos-version-min=6.0  conftest.c >&5
configure:7666: $? = 0
configure:7666: result: yes
configure:7666: checking for memory.h
configure:7666: gcc -c -arch arm64 -pipe -isysroot /Applications/Xcode.app/Contents/Developer/Platforms/iPhoneOS.platform/Developer/SDKs/iPhoneOS8.1.sdk/ -O3 -DNDEBUG -miphoneos-version-min=6.0  conftest.c >&5
configure:7666: $? = 0
configure:7666: result: yes
configure:7666: checking for strings.h
configure:7666: gcc -c -arch arm64 -pipe -isysroot /Applications/Xcode.app/Contents/Developer/Platforms/iPhoneOS.platform/Developer/SDKs/iPhoneOS8.1.sdk/ -O3 -DNDEBUG -miphoneos-version-min=6.0  conftest.c >&5
configure:7666: $? = 0
configure:7666: result: yes
configure:7666: checking for inttypes.h
configure:7666: gcc -c -arch arm64 -pipe -isysroot /Applications/Xcode.app/Contents/Developer/Platforms/iPhoneOS.platform/Developer/SDKs/iPhoneOS8.1.sdk/ -O3 -DNDEBUG -miphoneos-version-min=6.0  conftest.c >&5
configure:7666: $? = 0
configure:7666: result: yes
configure:7666: checking for stdint.h
configure:7666: gcc -c -arch arm64 -pipe -isysroot /Applications/Xcode.app/Contents/Developer/Platforms/iPhoneOS.platform/Developer/SDKs/iPhoneOS8.1.sdk/ -O3 -DNDEBUG -miphoneos-version-min=6.0  conftest.c >&5
configure:7666: $? = 0
configure:7666: result: yes
configure:7666: checking for unistd.h
configure:7666: gcc -c -arch arm64 -pipe -isysroot /Applications/Xcode.app/Contents/Developer/Platforms/iPhoneOS.platform/Developer/SDKs/iPhoneOS8.1.sdk/ -O3 -DNDEBUG -miphoneos-version-min=6.0  conftest.c >&5
configure:7666: $? = 0
configure:7666: result: yes
configure:7680: checking for dlfcn.h
configure:7680: gcc -c -arch arm64 -pipe -isysroot /Applications/Xcode.app/Contents/Developer/Platforms/iPhoneOS.platform/Developer/SDKs/iPhoneOS8.1.sdk/ -O3 -DNDEBUG -miphoneos-version-min=6.0  conftest.c >&5
configure:7680: $? = 0
configure:7680: result: yes
configure:7886: checking for objdir
configure:7901: result: .libs
configure:8172: checking if gcc supports -fno-rtti -fno-exceptions
configure:8190: gcc -c -arch arm64 -pipe -isysroot /Applications/Xcode.app/Contents/Developer/Platforms/iPhoneOS.platform/Developer/SDKs/iPhoneOS8.1.sdk/ -O3 -DNDEBUG -miphoneos-version-min=6.0  -fno-rtti -fno-exceptions conftest.c >&5
configure:8194: $? = 0
configure:8207: result: yes
configure:8534: checking for gcc option to produce PIC
configure:8541: result: -fno-common -DPIC
configure:8549: checking if gcc PIC flag -fno-common -DPIC works
configure:8567: gcc -c -arch arm64 -pipe -isysroot /Applications/Xcode.app/Contents/Developer/Platforms/iPhoneOS.platform/Developer/SDKs/iPhoneOS8.1.sdk/ -O3 -DNDEBUG -miphoneos-version-min=6.0  -fno-common -DPIC -DPIC conftest.c >&5
configure:8571: $? = 0
configure:8584: result: yes
configure:8613: checking if gcc static flag -static works
configure:8641: result: no
configure:8656: checking if gcc supports -c -o file.o
configure:8677: gcc -c -arch arm64 -pipe -isysroot /Applications/Xcode.app/Contents/Developer/Platforms/iPhoneOS.platform/Developer/SDKs/iPhoneOS8.1.sdk/ -O3 -DNDEBUG -miphoneos-version-min=6.0  -o out/conftest2.o conftest.c >&5
configure:8681: $? = 0
configure:8703: result: yes
configure:8711: checking if gcc supports -c -o file.o
configure:8758: result: yes
configure:8791: checking whether the gcc linker (/Applications/Xcode.app/Contents/Developer/Toolchains/XcodeDefault.xctoolchain/usr/bin/ld) supports shared libraries
configure:9944: result: yes
configure:10184: checking dynamic linker characteristics
configure:10917: result: darwin dyld
configure:11024: checking how to hardcode library paths into programs
configure:11049: result: immediate
configure:11589: checking whether stripping libraries is possible
configure:11603: result: yes
configure:11629: checking if libtool supports shared libraries
configure:11631: result: yes
configure:11634: checking whether to build shared libraries
configure:11655: result: no
configure:11658: checking whether to build static libraries
configure:11662: result: yes
configure:11712: checking whether make supports nested variables
configure:11729: result: yes
configure:11741: checking whether byte ordering is bigendian
configure:11756: gcc -c -arch arm64 -pipe -isysroot /Applications/Xcode.app/Contents/Developer/Platforms/iPhoneOS.platform/Developer/SDKs/iPhoneOS8.1.sdk/ -O3 -DNDEBUG -miphoneos-version-min=6.0  conftest.c >&5
configure:11756: $? = 0
configure:11801: gcc -c -arch arm64 -pipe -isysroot /Applications/Xcode.app/Contents/Developer/Platforms/iPhoneOS.platform/Developer/SDKs/iPhoneOS8.1.sdk/ -O3 -DNDEBUG -miphoneos-version-min=6.0  conftest.c >&5
configure:11801: $? = 0
configure:11819: gcc -c -arch arm64 -pipe -isysroot /Applications/Xcode.app/Contents/Developer/Platforms/iPhoneOS.platform/Developer/SDKs/iPhoneOS8.1.sdk/ -O3 -DNDEBUG -miphoneos-version-min=6.0  conftest.c >&5
conftest.c:30:4: error: use of undeclared identifier 'not'
                 not big endian
                 ^
1 error generated.
configure:11819: $? = 1
configure: failed program was:
| /* confdefs.h */
| #define PACKAGE_NAME "libwebp"
| #define PACKAGE_TARNAME "libwebp"
| #define PACKAGE_VERSION "0.4.2"
| #define PACKAGE_STRING "libwebp 0.4.2"
| #define PACKAGE_BUGREPORT "http://code.google.com/p/webp/issues"
| #define PACKAGE_URL "http://developers.google.com/speed/webp"
| #define PACKAGE "libwebp"
| #define VERSION "0.4.2"
| #define STDC_HEADERS 1
| #define HAVE_SYS_TYPES_H 1
| #define HAVE_SYS_STAT_H 1
| #define HAVE_STDLIB_H 1
| #define HAVE_STRING_H 1
| #define HAVE_MEMORY_H 1
| #define HAVE_STRINGS_H 1
| #define HAVE_INTTYPES_H 1
| #define HAVE_STDINT_H 1
| #define HAVE_UNISTD_H 1
| #define HAVE_DLFCN_H 1
| #define LT_OBJDIR ".libs/"
| /* end confdefs.h.  */
| #include <sys/types.h>
| 		#include <sys/param.h>
| 
| int
| main ()
| {
| #if BYTE_ORDER != BIG_ENDIAN
| 		 not big endian
| 		#endif
| 
|   ;
|   return 0;
| }
configure:11947: result: no
configure:11989: checking whether gcc supports -Wall
configure:11995: gcc -c -Werror -Wall  conftest.c >&5
configure:11995: $? = 0
configure:11996: result: yes
configure:12007: checking whether gcc supports -Wdeclaration-after-statement
configure:12013: gcc -c -Werror -Wdeclaration-after-statement  conftest.c >&5
configure:12013: $? = 0
configure:12014: result: yes
configure:12025: checking whether gcc supports -Wextra
configure:12031: gcc -c -Werror -Wextra  conftest.c >&5
configure:12031: $? = 0
configure:12032: result: yes
configure:12043: checking whether gcc supports -Wformat-nonliteral
configure:12049: gcc -c -Werror -Wformat-nonliteral  conftest.c >&5
configure:12049: $? = 0
configure:12050: result: yes
configure:12061: checking whether gcc supports -Wformat-security
configure:12067: gcc -c -Werror -Wformat-security  conftest.c >&5
configure:12067: $? = 0
configure:12068: result: yes
configure:12079: checking whether gcc supports -Wmissing-declarations
configure:12085: gcc -c -Werror -Wmissing-declarations  conftest.c >&5
configure:12085: $? = 0
configure:12086: result: yes
configure:12097: checking whether gcc supports -Wmissing-prototypes
configure:12103: gcc -c -Werror -Wmissing-prototypes  conftest.c >&5
configure:12103: $? = 0
configure:12104: result: yes
configure:12115: checking whether gcc supports -Wold-style-definition
configure:12121: gcc -c -Werror -Wold-style-definition  conftest.c >&5
configure:12121: $? = 0
configure:12122: result: yes
configure:12133: checking whether gcc supports -Wshadow
configure:12139: gcc -c -Werror -Wshadow  conftest.c >&5
configure:12139: $? = 0
configure:12140: result: yes
configure:12151: checking whether gcc supports -Wunused-but-set-variable
configure:12157: gcc -c -Werror -Wunused-but-set-variable  conftest.c >&5
error: unknown warning option '-Wunused-but-set-variable'; did you mean '-Wunused-const-variable'? [-Werror,-Wunknown-warning-option]
configure:12157: $? = 1
configure: failed program was:
| /* confdefs.h */
| #define PACKAGE_NAME "libwebp"
| #define PACKAGE_TARNAME "libwebp"
| #define PACKAGE_VERSION "0.4.2"
| #define PACKAGE_STRING "libwebp 0.4.2"
| #define PACKAGE_BUGREPORT "http://code.google.com/p/webp/issues"
| #define PACKAGE_URL "http://developers.google.com/speed/webp"
| #define PACKAGE "libwebp"
| #define VERSION "0.4.2"
| #define STDC_HEADERS 1
| #define HAVE_SYS_TYPES_H 1
| #define HAVE_SYS_STAT_H 1
| #define HAVE_STDLIB_H 1
| #define HAVE_STRING_H 1
| #define HAVE_MEMORY_H 1
| #define HAVE_STRINGS_H 1
| #define HAVE_INTTYPES_H 1
| #define HAVE_STDINT_H 1
| #define HAVE_UNISTD_H 1
| #define HAVE_DLFCN_H 1
| #define LT_OBJDIR ".libs/"
| /* end confdefs.h.  */
| int main(void) { return 0; }
configure:12162: result: no
configure:12169: checking whether gcc supports -Wunused
configure:12175: gcc -c -Werror -Wunused  conftest.c >&5
configure:12175: $? = 0
configure:12176: result: yes
configure:12187: checking whether gcc supports -Wvla
configure:12193: gcc -c -Werror -Wvla  conftest.c >&5
configure:12193: $? = 0
configure:12194: result: yes
configure:12241: checking whether gcc supports -mavx2
configure:12247: gcc -c -Werror -mavx2  conftest.c >&5
configure:12247: $? = 0
configure:12248: result: yes
configure:12261: checking for immintrin.h
configure:12261: gcc -c -arch arm64 -pipe -isysroot /Applications/Xcode.app/Contents/Developer/Platforms/iPhoneOS.platform/Developer/SDKs/iPhoneOS8.1.sdk/ -O3 -DNDEBUG -miphoneos-version-min=6.0  -mavx2  conftest.c >&5
clang: warning: argument unused during compilation: '-mavx2'
conftest.c:24:21: error: avx2 is not enabled
                   #error avx2 is not enabled
                    ^
1 error generated.
configure:12261: $? = 1
configure: failed program was:
| /* confdefs.h */
| #define PACKAGE_NAME "libwebp"
| #define PACKAGE_TARNAME "libwebp"
| #define PACKAGE_VERSION "0.4.2"
| #define PACKAGE_STRING "libwebp 0.4.2"
| #define PACKAGE_BUGREPORT "http://code.google.com/p/webp/issues"
| #define PACKAGE_URL "http://developers.google.com/speed/webp"
| #define PACKAGE "libwebp"
| #define VERSION "0.4.2"
| #define STDC_HEADERS 1
| #define HAVE_SYS_TYPES_H 1
| #define HAVE_SYS_STAT_H 1
| #define HAVE_STDLIB_H 1
| #define HAVE_STRING_H 1
| #define HAVE_MEMORY_H 1
| #define HAVE_STRINGS_H 1
| #define HAVE_INTTYPES_H 1
| #define HAVE_STDINT_H 1
| #define HAVE_UNISTD_H 1
| #define HAVE_DLFCN_H 1
| #define LT_OBJDIR ".libs/"
| /* end confdefs.h.  */
|                                     #ifndef __AVX2__
|                    #error avx2 is not enabled
|                    #endif
| 
| 
| #include <immintrin.h>
configure:12261: result: no
configure:12281: checking whether gcc supports -msse2
configure:12287: gcc -c -Werror -msse2  conftest.c >&5
configure:12287: $? = 0
configure:12288: result: yes
configure:12301: checking emmintrin.h usability
configure:12301: gcc -c -arch arm64 -pipe -isysroot /Applications/Xcode.app/Contents/Developer/Platforms/iPhoneOS.platform/Developer/SDKs/iPhoneOS8.1.sdk/ -O3 -DNDEBUG -miphoneos-version-min=6.0  -msse2  conftest.c >&5
clang: warning: argument unused during compilation: '-msse2'
In file included from conftest.c:56:
/Applications/Xcode.app/Contents/Developer/Toolchains/XcodeDefault.xctoolchain/usr/bin/../lib/clang/6.0/include/emmintrin.h:28:2: error: "SSE2 instruction set not enabled"
#error "SSE2 instruction set not enabled"
 ^
1 error generated.
configure:12301: $? = 1
configure: failed program was:
| /* confdefs.h */
| #define PACKAGE_NAME "libwebp"
| #define PACKAGE_TARNAME "libwebp"
| #define PACKAGE_VERSION "0.4.2"
| #define PACKAGE_STRING "libwebp 0.4.2"
| #define PACKAGE_BUGREPORT "http://code.google.com/p/webp/issues"
| #define PACKAGE_URL "http://developers.google.com/speed/webp"
| #define PACKAGE "libwebp"
| #define VERSION "0.4.2"
| #define STDC_HEADERS 1
| #define HAVE_SYS_TYPES_H 1
| #define HAVE_SYS_STAT_H 1
| #define HAVE_STDLIB_H 1
| #define HAVE_STRING_H 1
| #define HAVE_MEMORY_H 1
| #define HAVE_STRINGS_H 1
| #define HAVE_INTTYPES_H 1
| #define HAVE_STDINT_H 1
| #define HAVE_UNISTD_H 1
| #define HAVE_DLFCN_H 1
| #define LT_OBJDIR ".libs/"
| /* end confdefs.h.  */
| #include <stdio.h>
| #ifdef HAVE_SYS_TYPES_H
| # include <sys/types.h>
| #endif
| #ifdef HAVE_SYS_STAT_H
| # include <sys/stat.h>
| #endif
| #ifdef STDC_HEADERS
| # include <stdlib.h>
| # include <stddef.h>
| #else
| # ifdef HAVE_STDLIB_H
| #  include <stdlib.h>
| # endif
| #endif
| #ifdef HAVE_STRING_H
| # if !defined STDC_HEADERS && defined HAVE_MEMORY_H
| #  include <memory.h>
| # endif
| # include <string.h>
| #endif
| #ifdef HAVE_STRINGS_H
| # include <strings.h>
| #endif
| #ifdef HAVE_INTTYPES_H
| # include <inttypes.h>
| #endif
| #ifdef HAVE_STDINT_H
| # include <stdint.h>
| #endif
| #ifdef HAVE_UNISTD_H
| # include <unistd.h>
| #endif
| #include <emmintrin.h>
configure:12301: result: no
configure:12301: checking emmintrin.h presence
configure:12301: gcc -E  conftest.c
configure:12301: $? = 0
configure:12301: result: yes
configure:12301: WARNING: emmintrin.h: present but cannot be compiled
configure:12301: WARNING: emmintrin.h:     check for missing prerequisite headers?
configure:12301: WARNING: emmintrin.h: see the Autoconf documentation
configure:12301: WARNING: emmintrin.h:     section "Present But Cannot Be Compiled"
configure:12301: WARNING: emmintrin.h: proceeding with the compiler's result
configure:12301: checking for emmintrin.h
configure:12301: result: no
configure:12332: checking for __builtin_bswap16
configure:12345: gcc -o conftest -arch arm64 -pipe -isysroot /Applications/Xcode.app/Contents/Developer/Platforms/iPhoneOS.platform/Developer/SDKs/iPhoneOS8.1.sdk/ -O3 -DNDEBUG -miphoneos-version-min=6.0   conftest.c  >&5
conftest.c:27:1: warning: ignoring return value of function declared with const attribute [-Wunused-value]
__builtin_bswap16(1u << 15)
^~~~~~~~~~~~~~~~~ ~~~~~~~~
1 warning generated.
configure:12345: $? = 0
configure:12346: result: yes
configure:12369: checking for __builtin_bswap32
configure:12382: gcc -o conftest -arch arm64 -pipe -isysroot /Applications/Xcode.app/Contents/Developer/Platforms/iPhoneOS.platform/Developer/SDKs/iPhoneOS8.1.sdk/ -O3 -DNDEBUG -miphoneos-version-min=6.0   conftest.c  >&5
conftest.c:28:1: warning: ignoring return value of function declared with const attribute [-Wunused-value]
__builtin_bswap32(1u << 31)
^~~~~~~~~~~~~~~~~ ~~~~~~~~
1 warning generated.
configure:12382: $? = 0
configure:12383: result: yes
configure:12406: checking for __builtin_bswap64
configure:12419: gcc -o conftest -arch arm64 -pipe -isysroot /Applications/Xcode.app/Contents/Developer/Platforms/iPhoneOS.platform/Developer/SDKs/iPhoneOS8.1.sdk/ -O3 -DNDEBUG -miphoneos-version-min=6.0   conftest.c  >&5
conftest.c:29:1: warning: ignoring return value of function declared with const attribute [-Wunused-value]
__builtin_bswap64(1ull << 63)
^~~~~~~~~~~~~~~~~ ~~~~~~~~~~
1 warning generated.
configure:12419: $? = 0
configure:12420: result: yes
configure:12446: checking for threading support...
configure:12560: checking if compiler needs -Werror to reject unknown flags
configure:12576: gcc -c -arch arm64 -pipe -isysroot /Applications/Xcode.app/Contents/Developer/Platforms/iPhoneOS.platform/Developer/SDKs/iPhoneOS8.1.sdk/ -O3 -DNDEBUG -miphoneos-version-min=6.0 -Werror -Wunknown-warning-option -Wsizeof-array-argument  conftest.c >&5
configure:12576: $? = 0
configure:12577: result: yes
configure:12597: checking whether pthreads work with -pthread
configure:12685: gcc -o conftest -arch arm64 -pipe -isysroot /Applications/Xcode.app/Contents/Developer/Platforms/iPhoneOS.platform/Developer/SDKs/iPhoneOS8.1.sdk/ -O3 -DNDEBUG -miphoneos-version-min=6.0 -pthread -Werror   conftest.c   >&5
configure:12685: $? = 0
configure:12694: result: yes
configure:12713: checking for joinable pthread attribute
configure:12728: gcc -o conftest -arch arm64 -pipe -isysroot /Applications/Xcode.app/Contents/Developer/Platforms/iPhoneOS.platform/Developer/SDKs/iPhoneOS8.1.sdk/ -O3 -DNDEBUG -miphoneos-version-min=6.0 -pthread   conftest.c   >&5
configure:12728: $? = 0
configure:12734: result: PTHREAD_CREATE_JOINABLE
configure:12744: checking if more special flags are required for pthreads
configure:12759: result: -D_THREAD_SAFE
configure:12765: checking for PTHREAD_PRIO_INHERIT
configure:12782: gcc -o conftest -arch arm64 -pipe -isysroot /Applications/Xcode.app/Contents/Developer/Platforms/iPhoneOS.platform/Developer/SDKs/iPhoneOS8.1.sdk/ -O3 -DNDEBUG -miphoneos-version-min=6.0 -pthread   conftest.c   >&5
configure:12782: $? = 0
configure:12791: result: yes
configure:12903: checking if threading is enabled... yes
configure:12960: checking GL/glut.h usability
configure:12960: gcc -c -arch arm64 -pipe -isysroot /Applications/Xcode.app/Contents/Developer/Platforms/iPhoneOS.platform/Developer/SDKs/iPhoneOS8.1.sdk/ -O3 -DNDEBUG -miphoneos-version-min=6.0 -D_THREAD_SAFE -pthread   conftest.c >&5
conftest.c:61:10: fatal error: 'GL/glut.h' file not found
#include <GL/glut.h>
         ^
1 error generated.
configure:12960: $? = 1
configure: failed program was:
| /* confdefs.h */
| #define PACKAGE_NAME "libwebp"
| #define PACKAGE_TARNAME "libwebp"
| #define PACKAGE_VERSION "0.4.2"
| #define PACKAGE_STRING "libwebp 0.4.2"
| #define PACKAGE_BUGREPORT "http://code.google.com/p/webp/issues"
| #define PACKAGE_URL "http://developers.google.com/speed/webp"
| #define PACKAGE "libwebp"
| #define VERSION "0.4.2"
| #define STDC_HEADERS 1
| #define HAVE_SYS_TYPES_H 1
| #define HAVE_SYS_STAT_H 1
| #define HAVE_STDLIB_H 1
| #define HAVE_STRING_H 1
| #define HAVE_MEMORY_H 1
| #define HAVE_STRINGS_H 1
| #define HAVE_INTTYPES_H 1
| #define HAVE_STDINT_H 1
| #define HAVE_UNISTD_H 1
| #define HAVE_DLFCN_H 1
| #define LT_OBJDIR ".libs/"
| #define HAVE_BUILTIN_BSWAP16 1
| #define HAVE_BUILTIN_BSWAP32 1
| #define HAVE_BUILTIN_BSWAP64 1
| #define HAVE_PTHREAD_PRIO_INHERIT 1
| #define WEBP_USE_THREAD 1
| /* end confdefs.h.  */
| #include <stdio.h>
| #ifdef HAVE_SYS_TYPES_H
| # include <sys/types.h>
| #endif
| #ifdef HAVE_SYS_STAT_H
| # include <sys/stat.h>
| #endif
| #ifdef STDC_HEADERS
| # include <stdlib.h>
| # include <stddef.h>
| #else
| # ifdef HAVE_STDLIB_H
| #  include <stdlib.h>
| # endif
| #endif
| #ifdef HAVE_STRING_H
| # if !defined STDC_HEADERS && defined HAVE_MEMORY_H
| #  include <memory.h>
| # endif
| # include <string.h>
| #endif
| #ifdef HAVE_STRINGS_H
| # include <strings.h>
| #endif
| #ifdef HAVE_INTTYPES_H
| # include <inttypes.h>
| #endif
| #ifdef HAVE_STDINT_H
| # include <stdint.h>
| #endif
| #ifdef HAVE_UNISTD_H
| # include <unistd.h>
| #endif
| #include <GL/glut.h>
configure:12960: result: no
configure:12960: checking GL/glut.h presence
configure:12960: gcc -E   conftest.c
conftest.c:28:10: fatal error: 'GL/glut.h' file not found
#include <GL/glut.h>
         ^
1 error generated.
configure:12960: $? = 1
configure: failed program was:
| /* confdefs.h */
| #define PACKAGE_NAME "libwebp"
| #define PACKAGE_TARNAME "libwebp"
| #define PACKAGE_VERSION "0.4.2"
| #define PACKAGE_STRING "libwebp 0.4.2"
| #define PACKAGE_BUGREPORT "http://code.google.com/p/webp/issues"
| #define PACKAGE_URL "http://developers.google.com/speed/webp"
| #define PACKAGE "libwebp"
| #define VERSION "0.4.2"
| #define STDC_HEADERS 1
| #define HAVE_SYS_TYPES_H 1
| #define HAVE_SYS_STAT_H 1
| #define HAVE_STDLIB_H 1
| #define HAVE_STRING_H 1
| #define HAVE_MEMORY_H 1
| #define HAVE_STRINGS_H 1
| #define HAVE_INTTYPES_H 1
| #define HAVE_STDINT_H 1
| #define HAVE_UNISTD_H 1
| #define HAVE_DLFCN_H 1
| #define LT_OBJDIR ".libs/"
| #define HAVE_BUILTIN_BSWAP16 1
| #define HAVE_BUILTIN_BSWAP32 1
| #define HAVE_BUILTIN_BSWAP64 1
| #define HAVE_PTHREAD_PRIO_INHERIT 1
| #define WEBP_USE_THREAD 1
| /* end confdefs.h.  */
| #include <GL/glut.h>
configure:12960: result: no
configure:12960: checking for GL/glut.h
configure:12960: result: no
configure:12960: checking GLUT/glut.h usability
configure:12960: gcc -c -arch arm64 -pipe -isysroot /Applications/Xcode.app/Contents/Developer/Platforms/iPhoneOS.platform/Developer/SDKs/iPhoneOS8.1.sdk/ -O3 -DNDEBUG -miphoneos-version-min=6.0 -D_THREAD_SAFE -pthread   conftest.c >&5
conftest.c:61:10: fatal error: 'GLUT/glut.h' file not found
#include <GLUT/glut.h>
         ^
1 error generated.
configure:12960: $? = 1
configure: failed program was:
| /* confdefs.h */
| #define PACKAGE_NAME "libwebp"
| #define PACKAGE_TARNAME "libwebp"
| #define PACKAGE_VERSION "0.4.2"
| #define PACKAGE_STRING "libwebp 0.4.2"
| #define PACKAGE_BUGREPORT "http://code.google.com/p/webp/issues"
| #define PACKAGE_URL "http://developers.google.com/speed/webp"
| #define PACKAGE "libwebp"
| #define VERSION "0.4.2"
| #define STDC_HEADERS 1
| #define HAVE_SYS_TYPES_H 1
| #define HAVE_SYS_STAT_H 1
| #define HAVE_STDLIB_H 1
| #define HAVE_STRING_H 1
| #define HAVE_MEMORY_H 1
| #define HAVE_STRINGS_H 1
| #define HAVE_INTTYPES_H 1
| #define HAVE_STDINT_H 1
| #define HAVE_UNISTD_H 1
| #define HAVE_DLFCN_H 1
| #define LT_OBJDIR ".libs/"
| #define HAVE_BUILTIN_BSWAP16 1
| #define HAVE_BUILTIN_BSWAP32 1
| #define HAVE_BUILTIN_BSWAP64 1
| #define HAVE_PTHREAD_PRIO_INHERIT 1
| #define WEBP_USE_THREAD 1
| /* end confdefs.h.  */
| #include <stdio.h>
| #ifdef HAVE_SYS_TYPES_H
| # include <sys/types.h>
| #endif
| #ifdef HAVE_SYS_STAT_H
| # include <sys/stat.h>
| #endif
| #ifdef STDC_HEADERS
| # include <stdlib.h>
| # include <stddef.h>
| #else
| # ifdef HAVE_STDLIB_H
| #  include <stdlib.h>
| # endif
| #endif
| #ifdef HAVE_STRING_H
| # if !defined STDC_HEADERS && defined HAVE_MEMORY_H
| #  include <memory.h>
| # endif
| # include <string.h>
| #endif
| #ifdef HAVE_STRINGS_H
| # include <strings.h>
| #endif
| #ifdef HAVE_INTTYPES_H
| # include <inttypes.h>
| #endif
| #ifdef HAVE_STDINT_H
| # include <stdint.h>
| #endif
| #ifdef HAVE_UNISTD_H
| # include <unistd.h>
| #endif
| #include <GLUT/glut.h>
configure:12960: result: no
configure:12960: checking GLUT/glut.h presence
configure:12960: gcc -E   conftest.c
configure:12960: $? = 0
configure:12960: result: yes
configure:12960: WARNING: GLUT/glut.h: present but cannot be compiled
configure:12960: WARNING: GLUT/glut.h:     check for missing prerequisite headers?
configure:12960: WARNING: GLUT/glut.h: see the Autoconf documentation
configure:12960: WARNING: GLUT/glut.h:     section "Present But Cannot Be Compiled"
configure:12960: WARNING: GLUT/glut.h: proceeding with the compiler's result
configure:12960: checking for GLUT/glut.h
configure:12960: result: no
configure:12960: checking OpenGL/glut.h usability
configure:12960: gcc -c -arch arm64 -pipe -isysroot /Applications/Xcode.app/Contents/Developer/Platforms/iPhoneOS.platform/Developer/SDKs/iPhoneOS8.1.sdk/ -O3 -DNDEBUG -miphoneos-version-min=6.0 -D_THREAD_SAFE -pthread   conftest.c >&5
conftest.c:61:10: fatal error: 'OpenGL/glut.h' file not found
#include <OpenGL/glut.h>
         ^
1 error generated.
configure:12960: $? = 1
configure: failed program was:
| /* confdefs.h */
| #define PACKAGE_NAME "libwebp"
| #define PACKAGE_TARNAME "libwebp"
| #define PACKAGE_VERSION "0.4.2"
| #define PACKAGE_STRING "libwebp 0.4.2"
| #define PACKAGE_BUGREPORT "http://code.google.com/p/webp/issues"
| #define PACKAGE_URL "http://developers.google.com/speed/webp"
| #define PACKAGE "libwebp"
| #define VERSION "0.4.2"
| #define STDC_HEADERS 1
| #define HAVE_SYS_TYPES_H 1
| #define HAVE_SYS_STAT_H 1
| #define HAVE_STDLIB_H 1
| #define HAVE_STRING_H 1
| #define HAVE_MEMORY_H 1
| #define HAVE_STRINGS_H 1
| #define HAVE_INTTYPES_H 1
| #define HAVE_STDINT_H 1
| #define HAVE_UNISTD_H 1
| #define HAVE_DLFCN_H 1
| #define LT_OBJDIR ".libs/"
| #define HAVE_BUILTIN_BSWAP16 1
| #define HAVE_BUILTIN_BSWAP32 1
| #define HAVE_BUILTIN_BSWAP64 1
| #define HAVE_PTHREAD_PRIO_INHERIT 1
| #define WEBP_USE_THREAD 1
| /* end confdefs.h.  */
| #include <stdio.h>
| #ifdef HAVE_SYS_TYPES_H
| # include <sys/types.h>
| #endif
| #ifdef HAVE_SYS_STAT_H
| # include <sys/stat.h>
| #endif
| #ifdef STDC_HEADERS
| # include <stdlib.h>
| # include <stddef.h>
| #else
| # ifdef HAVE_STDLIB_H
| #  include <stdlib.h>
| # endif
| #endif
| #ifdef HAVE_STRING_H
| # if !defined STDC_HEADERS && defined HAVE_MEMORY_H
| #  include <memory.h>
| # endif
| # include <string.h>
| #endif
| #ifdef HAVE_STRINGS_H
| # include <strings.h>
| #endif
| #ifdef HAVE_INTTYPES_H
| # include <inttypes.h>
| #endif
| #ifdef HAVE_STDINT_H
| # include <stdint.h>
| #endif
| #ifdef HAVE_UNISTD_H
| # include <unistd.h>
| #endif
| #include <OpenGL/glut.h>
configure:12960: result: no
configure:12960: checking OpenGL/glut.h presence
configure:12960: gcc -E   conftest.c
conftest.c:28:10: fatal error: 'OpenGL/glut.h' file not found
#include <OpenGL/glut.h>
         ^
1 error generated.
configure:12960: $? = 1
configure: failed program was:
| /* confdefs.h */
| #define PACKAGE_NAME "libwebp"
| #define PACKAGE_TARNAME "libwebp"
| #define PACKAGE_VERSION "0.4.2"
| #define PACKAGE_STRING "libwebp 0.4.2"
| #define PACKAGE_BUGREPORT "http://code.google.com/p/webp/issues"
| #define PACKAGE_URL "http://developers.google.com/speed/webp"
| #define PACKAGE "libwebp"
| #define VERSION "0.4.2"
| #define STDC_HEADERS 1
| #define HAVE_SYS_TYPES_H 1
| #define HAVE_SYS_STAT_H 1
| #define HAVE_STDLIB_H 1
| #define HAVE_STRING_H 1
| #define HAVE_MEMORY_H 1
| #define HAVE_STRINGS_H 1
| #define HAVE_INTTYPES_H 1
| #define HAVE_STDINT_H 1
| #define HAVE_UNISTD_H 1
| #define HAVE_DLFCN_H 1
| #define LT_OBJDIR ".libs/"
| #define HAVE_BUILTIN_BSWAP16 1
| #define HAVE_BUILTIN_BSWAP32 1
| #define HAVE_BUILTIN_BSWAP64 1
| #define HAVE_PTHREAD_PRIO_INHERIT 1
| #define WEBP_USE_THREAD 1
| /* end confdefs.h.  */
| #include <OpenGL/glut.h>
configure:12960: result: no
configure:12960: checking for OpenGL/glut.h
configure:12960: result: no
configure:12960: checking GL/glut.h usability
configure:12960: gcc -c -arch arm64 -pipe -isysroot /Applications/Xcode.app/Contents/Developer/Platforms/iPhoneOS.platform/Developer/SDKs/iPhoneOS8.1.sdk/ -O3 -DNDEBUG -miphoneos-version-min=6.0 -D_THREAD_SAFE -pthread -framework GLUT -framework OpenGL   conftest.c >&5
clang: warning: -framework GLUT: 'linker' input unused
clang: warning: -framework OpenGL: 'linker' input unused
conftest.c:61:10: fatal error: 'GL/glut.h' file not found
#include <GL/glut.h>
         ^
1 error generated.
configure:12960: $? = 1
configure: failed program was:
| /* confdefs.h */
| #define PACKAGE_NAME "libwebp"
| #define PACKAGE_TARNAME "libwebp"
| #define PACKAGE_VERSION "0.4.2"
| #define PACKAGE_STRING "libwebp 0.4.2"
| #define PACKAGE_BUGREPORT "http://code.google.com/p/webp/issues"
| #define PACKAGE_URL "http://developers.google.com/speed/webp"
| #define PACKAGE "libwebp"
| #define VERSION "0.4.2"
| #define STDC_HEADERS 1
| #define HAVE_SYS_TYPES_H 1
| #define HAVE_SYS_STAT_H 1
| #define HAVE_STDLIB_H 1
| #define HAVE_STRING_H 1
| #define HAVE_MEMORY_H 1
| #define HAVE_STRINGS_H 1
| #define HAVE_INTTYPES_H 1
| #define HAVE_STDINT_H 1
| #define HAVE_UNISTD_H 1
| #define HAVE_DLFCN_H 1
| #define LT_OBJDIR ".libs/"
| #define HAVE_BUILTIN_BSWAP16 1
| #define HAVE_BUILTIN_BSWAP32 1
| #define HAVE_BUILTIN_BSWAP64 1
| #define HAVE_PTHREAD_PRIO_INHERIT 1
| #define WEBP_USE_THREAD 1
| /* end confdefs.h.  */
| #include <stdio.h>
| #ifdef HAVE_SYS_TYPES_H
| # include <sys/types.h>
| #endif
| #ifdef HAVE_SYS_STAT_H
| # include <sys/stat.h>
| #endif
| #ifdef STDC_HEADERS
| # include <stdlib.h>
| # include <stddef.h>
| #else
| # ifdef HAVE_STDLIB_H
| #  include <stdlib.h>
| # endif
| #endif
| #ifdef HAVE_STRING_H
| # if !defined STDC_HEADERS && defined HAVE_MEMORY_H
| #  include <memory.h>
| # endif
| # include <string.h>
| #endif
| #ifdef HAVE_STRINGS_H
| # include <strings.h>
| #endif
| #ifdef HAVE_INTTYPES_H
| # include <inttypes.h>
| #endif
| #ifdef HAVE_STDINT_H
| # include <stdint.h>
| #endif
| #ifdef HAVE_UNISTD_H
| # include <unistd.h>
| #endif
| #include <GL/glut.h>
configure:12960: result: no
configure:12960: checking GL/glut.h presence
configure:12960: gcc -E -framework GLUT -framework OpenGL   conftest.c
clang: warning: -framework GLUT: 'linker' input unused
clang: warning: -framework OpenGL: 'linker' input unused
conftest.c:28:10: fatal error: 'GL/glut.h' file not found
#include <GL/glut.h>
         ^
1 error generated.
configure:12960: $? = 1
configure: failed program was:
| /* confdefs.h */
| #define PACKAGE_NAME "libwebp"
| #define PACKAGE_TARNAME "libwebp"
| #define PACKAGE_VERSION "0.4.2"
| #define PACKAGE_STRING "libwebp 0.4.2"
| #define PACKAGE_BUGREPORT "http://code.google.com/p/webp/issues"
| #define PACKAGE_URL "http://developers.google.com/speed/webp"
| #define PACKAGE "libwebp"
| #define VERSION "0.4.2"
| #define STDC_HEADERS 1
| #define HAVE_SYS_TYPES_H 1
| #define HAVE_SYS_STAT_H 1
| #define HAVE_STDLIB_H 1
| #define HAVE_STRING_H 1
| #define HAVE_MEMORY_H 1
| #define HAVE_STRINGS_H 1
| #define HAVE_INTTYPES_H 1
| #define HAVE_STDINT_H 1
| #define HAVE_UNISTD_H 1
| #define HAVE_DLFCN_H 1
| #define LT_OBJDIR ".libs/"
| #define HAVE_BUILTIN_BSWAP16 1
| #define HAVE_BUILTIN_BSWAP32 1
| #define HAVE_BUILTIN_BSWAP64 1
| #define HAVE_PTHREAD_PRIO_INHERIT 1
| #define WEBP_USE_THREAD 1
| /* end confdefs.h.  */
| #include <GL/glut.h>
configure:12960: result: no
configure:12960: checking for GL/glut.h
configure:12960: result: no
configure:12960: checking for GLUT/glut.h
configure:12960: result: no
configure:12960: checking OpenGL/glut.h usability
configure:12960: gcc -c -arch arm64 -pipe -isysroot /Applications/Xcode.app/Contents/Developer/Platforms/iPhoneOS.platform/Developer/SDKs/iPhoneOS8.1.sdk/ -O3 -DNDEBUG -miphoneos-version-min=6.0 -D_THREAD_SAFE -pthread -framework GLUT -framework OpenGL   conftest.c >&5
clang: warning: -framework GLUT: 'linker' input unused
clang: warning: -framework OpenGL: 'linker' input unused
conftest.c:61:10: fatal error: 'OpenGL/glut.h' file not found
#include <OpenGL/glut.h>
         ^
1 error generated.
configure:12960: $? = 1
configure: failed program was:
| /* confdefs.h */
| #define PACKAGE_NAME "libwebp"
| #define PACKAGE_TARNAME "libwebp"
| #define PACKAGE_VERSION "0.4.2"
| #define PACKAGE_STRING "libwebp 0.4.2"
| #define PACKAGE_BUGREPORT "http://code.google.com/p/webp/issues"
| #define PACKAGE_URL "http://developers.google.com/speed/webp"
| #define PACKAGE "libwebp"
| #define VERSION "0.4.2"
| #define STDC_HEADERS 1
| #define HAVE_SYS_TYPES_H 1
| #define HAVE_SYS_STAT_H 1
| #define HAVE_STDLIB_H 1
| #define HAVE_STRING_H 1
| #define HAVE_MEMORY_H 1
| #define HAVE_STRINGS_H 1
| #define HAVE_INTTYPES_H 1
| #define HAVE_STDINT_H 1
| #define HAVE_UNISTD_H 1
| #define HAVE_DLFCN_H 1
| #define LT_OBJDIR ".libs/"
| #define HAVE_BUILTIN_BSWAP16 1
| #define HAVE_BUILTIN_BSWAP32 1
| #define HAVE_BUILTIN_BSWAP64 1
| #define HAVE_PTHREAD_PRIO_INHERIT 1
| #define WEBP_USE_THREAD 1
| /* end confdefs.h.  */
| #include <stdio.h>
| #ifdef HAVE_SYS_TYPES_H
| # include <sys/types.h>
| #endif
| #ifdef HAVE_SYS_STAT_H
| # include <sys/stat.h>
| #endif
| #ifdef STDC_HEADERS
| # include <stdlib.h>
| # include <stddef.h>
| #else
| # ifdef HAVE_STDLIB_H
| #  include <stdlib.h>
| # endif
| #endif
| #ifdef HAVE_STRING_H
| # if !defined STDC_HEADERS && defined HAVE_MEMORY_H
| #  include <memory.h>
| # endif
| # include <string.h>
| #endif
| #ifdef HAVE_STRINGS_H
| # include <strings.h>
| #endif
| #ifdef HAVE_INTTYPES_H
| # include <inttypes.h>
| #endif
| #ifdef HAVE_STDINT_H
| # include <stdint.h>
| #endif
| #ifdef HAVE_UNISTD_H
| # include <unistd.h>
| #endif
| #include <OpenGL/glut.h>
configure:12960: result: no
configure:12960: checking OpenGL/glut.h presence
configure:12960: gcc -E -framework GLUT -framework OpenGL   conftest.c
clang: warning: -framework GLUT: 'linker' input unused
clang: warning: -framework OpenGL: 'linker' input unused
conftest.c:28:10: fatal error: 'OpenGL/glut.h' file not found
#include <OpenGL/glut.h>
         ^
1 error generated.
configure:12960: $? = 1
configure: failed program was:
| /* confdefs.h */
| #define PACKAGE_NAME "libwebp"
| #define PACKAGE_TARNAME "libwebp"
| #define PACKAGE_VERSION "0.4.2"
| #define PACKAGE_STRING "libwebp 0.4.2"
| #define PACKAGE_BUGREPORT "http://code.google.com/p/webp/issues"
| #define PACKAGE_URL "http://developers.google.com/speed/webp"
| #define PACKAGE "libwebp"
| #define VERSION "0.4.2"
| #define STDC_HEADERS 1
| #define HAVE_SYS_TYPES_H 1
| #define HAVE_SYS_STAT_H 1
| #define HAVE_STDLIB_H 1
| #define HAVE_STRING_H 1
| #define HAVE_MEMORY_H 1
| #define HAVE_STRINGS_H 1
| #define HAVE_INTTYPES_H 1
| #define HAVE_STDINT_H 1
| #define HAVE_UNISTD_H 1
| #define HAVE_DLFCN_H 1
| #define LT_OBJDIR ".libs/"
| #define HAVE_BUILTIN_BSWAP16 1
| #define HAVE_BUILTIN_BSWAP32 1
| #define HAVE_BUILTIN_BSWAP64 1
| #define HAVE_PTHREAD_PRIO_INHERIT 1
| #define WEBP_USE_THREAD 1
| /* end confdefs.h.  */
| #include <OpenGL/glut.h>
configure:12960: result: no
configure:12960: checking for OpenGL/glut.h
configure:12960: result: no
configure:13143: checking for libpng-config
configure:13161: found /opt/local/bin/libpng-config
configure:13173: result: /opt/local/bin/libpng-config
configure:13206: checking png.h usability
configure:13206: gcc -c -arch arm64 -pipe -isysroot /Applications/Xcode.app/Contents/Developer/Platforms/iPhoneOS.platform/Developer/SDKs/iPhoneOS8.1.sdk/ -O3 -DNDEBUG -miphoneos-version-min=6.0 -D_THREAD_SAFE -pthread -I/opt/local/include/libpng16  conftest.c >&5
configure:13206: $? = 0
configure:13206: result: yes
configure:13206: checking png.h presence
configure:13206: gcc -E -I/opt/local/include/libpng16  conftest.c
configure:13206: $? = 0
configure:13206: result: yes
configure:13206: checking for png.h
configure:13206: result: yes
configure:13208: checking for library containing png_get_libpng_ver
configure:13239: gcc -o conftest -arch arm64 -pipe -isysroot /Applications/Xcode.app/Contents/Developer/Platforms/iPhoneOS.platform/Developer/SDKs/iPhoneOS8.1.sdk/ -O3 -DNDEBUG -miphoneos-version-min=6.0 -D_THREAD_SAFE -pthread -I/opt/local/include/libpng16   conftest.c -L/opt/local/lib -lpng16   >&5
ld: warning: ignoring file /opt/local/lib/libpng16.dylib, file was built for x86_64 which is not the architecture being linked (arm64): /opt/local/lib/libpng16.dylib
Undefined symbols for architecture arm64:
  "_png_get_libpng_ver", referenced from:
      _main in conftest-ae72ac.o
ld: symbol(s) not found for architecture arm64
clang: error: linker command failed with exit code 1 (use -v to see invocation)
configure:13239: $? = 1
configure: failed program was:
| /* confdefs.h */
| #define PACKAGE_NAME "libwebp"
| #define PACKAGE_TARNAME "libwebp"
| #define PACKAGE_VERSION "0.4.2"
| #define PACKAGE_STRING "libwebp 0.4.2"
| #define PACKAGE_BUGREPORT "http://code.google.com/p/webp/issues"
| #define PACKAGE_URL "http://developers.google.com/speed/webp"
| #define PACKAGE "libwebp"
| #define VERSION "0.4.2"
| #define STDC_HEADERS 1
| #define HAVE_SYS_TYPES_H 1
| #define HAVE_SYS_STAT_H 1
| #define HAVE_STDLIB_H 1
| #define HAVE_STRING_H 1
| #define HAVE_MEMORY_H 1
| #define HAVE_STRINGS_H 1
| #define HAVE_INTTYPES_H 1
| #define HAVE_STDINT_H 1
| #define HAVE_UNISTD_H 1
| #define HAVE_DLFCN_H 1
| #define LT_OBJDIR ".libs/"
| #define HAVE_BUILTIN_BSWAP16 1
| #define HAVE_BUILTIN_BSWAP32 1
| #define HAVE_BUILTIN_BSWAP64 1
| #define HAVE_PTHREAD_PRIO_INHERIT 1
| #define WEBP_USE_THREAD 1
| /* end confdefs.h.  */
| 
| /* Override any GCC internal prototype to avoid an error.
|    Use char because int might match the return type of a GCC
|    builtin and then its argument prototype would still apply.  */
| #ifdef __cplusplus
| extern "C"
| #endif
| char png_get_libpng_ver ();
| int
| main ()
| {
| return png_get_libpng_ver ();
|   ;
|   return 0;
| }
configure:13239: gcc -o conftest -arch arm64 -pipe -isysroot /Applications/Xcode.app/Contents/Developer/Platforms/iPhoneOS.platform/Developer/SDKs/iPhoneOS8.1.sdk/ -O3 -DNDEBUG -miphoneos-version-min=6.0 -D_THREAD_SAFE -pthread -I/opt/local/include/libpng16   conftest.c -lpng  -L/opt/local/lib -lpng16   >&5
ld: warning: ignoring file /opt/local/lib/libpng.dylib, file was built for x86_64 which is not the architecture being linked (arm64): /opt/local/lib/libpng.dylib
ld: warning: ignoring file /opt/local/lib/libpng16.dylib, file was built for x86_64 which is not the architecture being linked (arm64): /opt/local/lib/libpng16.dylib
Undefined symbols for architecture arm64:
  "_png_get_libpng_ver", referenced from:
      _main in conftest-f9ffe9.o
ld: symbol(s) not found for architecture arm64
clang: error: linker command failed with exit code 1 (use -v to see invocation)
configure:13239: $? = 1
configure: failed program was:
| /* confdefs.h */
| #define PACKAGE_NAME "libwebp"
| #define PACKAGE_TARNAME "libwebp"
| #define PACKAGE_VERSION "0.4.2"
| #define PACKAGE_STRING "libwebp 0.4.2"
| #define PACKAGE_BUGREPORT "http://code.google.com/p/webp/issues"
| #define PACKAGE_URL "http://developers.google.com/speed/webp"
| #define PACKAGE "libwebp"
| #define VERSION "0.4.2"
| #define STDC_HEADERS 1
| #define HAVE_SYS_TYPES_H 1
| #define HAVE_SYS_STAT_H 1
| #define HAVE_STDLIB_H 1
| #define HAVE_STRING_H 1
| #define HAVE_MEMORY_H 1
| #define HAVE_STRINGS_H 1
| #define HAVE_INTTYPES_H 1
| #define HAVE_STDINT_H 1
| #define HAVE_UNISTD_H 1
| #define HAVE_DLFCN_H 1
| #define LT_OBJDIR ".libs/"
| #define HAVE_BUILTIN_BSWAP16 1
| #define HAVE_BUILTIN_BSWAP32 1
| #define HAVE_BUILTIN_BSWAP64 1
| #define HAVE_PTHREAD_PRIO_INHERIT 1
| #define WEBP_USE_THREAD 1
| /* end confdefs.h.  */
| 
| /* Override any GCC internal prototype to avoid an error.
|    Use char because int might match the return type of a GCC
|    builtin and then its argument prototype would still apply.  */
| #ifdef __cplusplus
| extern "C"
| #endif
| char png_get_libpng_ver ();
| int
| main ()
| {
| return png_get_libpng_ver ();
|   ;
|   return 0;
| }
configure:13256: result: no
configure:13270: WARNING: Optional png library not found
configure:13319: checking jpeglib.h usability
configure:13319: gcc -c -arch arm64 -pipe -isysroot /Applications/Xcode.app/Contents/Developer/Platforms/iPhoneOS.platform/Developer/SDKs/iPhoneOS8.1.sdk/ -O3 -DNDEBUG -miphoneos-version-min=6.0 -D_THREAD_SAFE -pthread   conftest.c >&5
conftest.c:61:10: fatal error: 'jpeglib.h' file not found
#include <jpeglib.h>
         ^
1 error generated.
configure:13319: $? = 1
configure: failed program was:
| /* confdefs.h */
| #define PACKAGE_NAME "libwebp"
| #define PACKAGE_TARNAME "libwebp"
| #define PACKAGE_VERSION "0.4.2"
| #define PACKAGE_STRING "libwebp 0.4.2"
| #define PACKAGE_BUGREPORT "http://code.google.com/p/webp/issues"
| #define PACKAGE_URL "http://developers.google.com/speed/webp"
| #define PACKAGE "libwebp"
| #define VERSION "0.4.2"
| #define STDC_HEADERS 1
| #define HAVE_SYS_TYPES_H 1
| #define HAVE_SYS_STAT_H 1
| #define HAVE_STDLIB_H 1
| #define HAVE_STRING_H 1
| #define HAVE_MEMORY_H 1
| #define HAVE_STRINGS_H 1
| #define HAVE_INTTYPES_H 1
| #define HAVE_STDINT_H 1
| #define HAVE_UNISTD_H 1
| #define HAVE_DLFCN_H 1
| #define LT_OBJDIR ".libs/"
| #define HAVE_BUILTIN_BSWAP16 1
| #define HAVE_BUILTIN_BSWAP32 1
| #define HAVE_BUILTIN_BSWAP64 1
| #define HAVE_PTHREAD_PRIO_INHERIT 1
| #define WEBP_USE_THREAD 1
| /* end confdefs.h.  */
| #include <stdio.h>
| #ifdef HAVE_SYS_TYPES_H
| # include <sys/types.h>
| #endif
| #ifdef HAVE_SYS_STAT_H
| # include <sys/stat.h>
| #endif
| #ifdef STDC_HEADERS
| # include <stdlib.h>
| # include <stddef.h>
| #else
| # ifdef HAVE_STDLIB_H
| #  include <stdlib.h>
| # endif
| #endif
| #ifdef HAVE_STRING_H
| # if !defined STDC_HEADERS && defined HAVE_MEMORY_H
| #  include <memory.h>
| # endif
| # include <string.h>
| #endif
| #ifdef HAVE_STRINGS_H
| # include <strings.h>
| #endif
| #ifdef HAVE_INTTYPES_H
| # include <inttypes.h>
| #endif
| #ifdef HAVE_STDINT_H
| # include <stdint.h>
| #endif
| #ifdef HAVE_UNISTD_H
| # include <unistd.h>
| #endif
| #include <jpeglib.h>
configure:13319: result: no
configure:13319: checking jpeglib.h presence
configure:13319: gcc -E   conftest.c
conftest.c:28:10: fatal error: 'jpeglib.h' file not found
#include <jpeglib.h>
         ^
1 error generated.
configure:13319: $? = 1
configure: failed program was:
| /* confdefs.h */
| #define PACKAGE_NAME "libwebp"
| #define PACKAGE_TARNAME "libwebp"
| #define PACKAGE_VERSION "0.4.2"
| #define PACKAGE_STRING "libwebp 0.4.2"
| #define PACKAGE_BUGREPORT "http://code.google.com/p/webp/issues"
| #define PACKAGE_URL "http://developers.google.com/speed/webp"
| #define PACKAGE "libwebp"
| #define VERSION "0.4.2"
| #define STDC_HEADERS 1
| #define HAVE_SYS_TYPES_H 1
| #define HAVE_SYS_STAT_H 1
| #define HAVE_STDLIB_H 1
| #define HAVE_STRING_H 1
| #define HAVE_MEMORY_H 1
| #define HAVE_STRINGS_H 1
| #define HAVE_INTTYPES_H 1
| #define HAVE_STDINT_H 1
| #define HAVE_UNISTD_H 1
| #define HAVE_DLFCN_H 1
| #define LT_OBJDIR ".libs/"
| #define HAVE_BUILTIN_BSWAP16 1
| #define HAVE_BUILTIN_BSWAP32 1
| #define HAVE_BUILTIN_BSWAP64 1
| #define HAVE_PTHREAD_PRIO_INHERIT 1
| #define WEBP_USE_THREAD 1
| /* end confdefs.h.  */
| #include <jpeglib.h>
configure:13319: result: no
configure:13319: checking for jpeglib.h
configure:13319: result: no
configure:13371: WARNING: jpeg library not available - no jpeglib.h
configure:13410: checking tiffio.h usability
configure:13410: gcc -c -arch arm64 -pipe -isysroot /Applications/Xcode.app/Contents/Developer/Platforms/iPhoneOS.platform/Developer/SDKs/iPhoneOS8.1.sdk/ -O3 -DNDEBUG -miphoneos-version-min=6.0 -D_THREAD_SAFE -pthread   conftest.c >&5
conftest.c:61:10: fatal error: 'tiffio.h' file not found
#include <tiffio.h>
         ^
1 error generated.
configure:13410: $? = 1
configure: failed program was:
| /* confdefs.h */
| #define PACKAGE_NAME "libwebp"
| #define PACKAGE_TARNAME "libwebp"
| #define PACKAGE_VERSION "0.4.2"
| #define PACKAGE_STRING "libwebp 0.4.2"
| #define PACKAGE_BUGREPORT "http://code.google.com/p/webp/issues"
| #define PACKAGE_URL "http://developers.google.com/speed/webp"
| #define PACKAGE "libwebp"
| #define VERSION "0.4.2"
| #define STDC_HEADERS 1
| #define HAVE_SYS_TYPES_H 1
| #define HAVE_SYS_STAT_H 1
| #define HAVE_STDLIB_H 1
| #define HAVE_STRING_H 1
| #define HAVE_MEMORY_H 1
| #define HAVE_STRINGS_H 1
| #define HAVE_INTTYPES_H 1
| #define HAVE_STDINT_H 1
| #define HAVE_UNISTD_H 1
| #define HAVE_DLFCN_H 1
| #define LT_OBJDIR ".libs/"
| #define HAVE_BUILTIN_BSWAP16 1
| #define HAVE_BUILTIN_BSWAP32 1
| #define HAVE_BUILTIN_BSWAP64 1
| #define HAVE_PTHREAD_PRIO_INHERIT 1
| #define WEBP_USE_THREAD 1
| /* end confdefs.h.  */
| #include <stdio.h>
| #ifdef HAVE_SYS_TYPES_H
| # include <sys/types.h>
| #endif
| #ifdef HAVE_SYS_STAT_H
| # include <sys/stat.h>
| #endif
| #ifdef STDC_HEADERS
| # include <stdlib.h>
| # include <stddef.h>
| #else
| # ifdef HAVE_STDLIB_H
| #  include <stdlib.h>
| # endif
| #endif
| #ifdef HAVE_STRING_H
| # if !defined STDC_HEADERS && defined HAVE_MEMORY_H
| #  include <memory.h>
| # endif
| # include <string.h>
| #endif
| #ifdef HAVE_STRINGS_H
| # include <strings.h>
| #endif
| #ifdef HAVE_INTTYPES_H
| # include <inttypes.h>
| #endif
| #ifdef HAVE_STDINT_H
| # include <stdint.h>
| #endif
| #ifdef HAVE_UNISTD_H
| # include <unistd.h>
| #endif
| #include <tiffio.h>
configure:13410: result: no
configure:13410: checking tiffio.h presence
configure:13410: gcc -E   conftest.c
conftest.c:28:10: fatal error: 'tiffio.h' file not found
#include <tiffio.h>
         ^
1 error generated.
configure:13410: $? = 1
configure: failed program was:
| /* confdefs.h */
| #define PACKAGE_NAME "libwebp"
| #define PACKAGE_TARNAME "libwebp"
| #define PACKAGE_VERSION "0.4.2"
| #define PACKAGE_STRING "libwebp 0.4.2"
| #define PACKAGE_BUGREPORT "http://code.google.com/p/webp/issues"
| #define PACKAGE_URL "http://developers.google.com/speed/webp"
| #define PACKAGE "libwebp"
| #define VERSION "0.4.2"
| #define STDC_HEADERS 1
| #define HAVE_SYS_TYPES_H 1
| #define HAVE_SYS_STAT_H 1
| #define HAVE_STDLIB_H 1
| #define HAVE_STRING_H 1
| #define HAVE_MEMORY_H 1
| #define HAVE_STRINGS_H 1
| #define HAVE_INTTYPES_H 1
| #define HAVE_STDINT_H 1
| #define HAVE_UNISTD_H 1
| #define HAVE_DLFCN_H 1
| #define LT_OBJDIR ".libs/"
| #define HAVE_BUILTIN_BSWAP16 1
| #define HAVE_BUILTIN_BSWAP32 1
| #define HAVE_BUILTIN_BSWAP64 1
| #define HAVE_PTHREAD_PRIO_INHERIT 1
| #define WEBP_USE_THREAD 1
| /* end confdefs.h.  */
| #include <tiffio.h>
configure:13410: result: no
configure:13410: checking for tiffio.h
configure:13410: result: no
configure:13462: WARNING: tiff library not available - no tiffio.h
configure:13501: checking gif_lib.h usability
configure:13501: gcc -c -arch arm64 -pipe -isysroot /Applications/Xcode.app/Contents/Developer/Platforms/iPhoneOS.platform/Developer/SDKs/iPhoneOS8.1.sdk/ -O3 -DNDEBUG -miphoneos-version-min=6.0 -D_THREAD_SAFE -pthread   conftest.c >&5
conftest.c:61:10: fatal error: 'gif_lib.h' file not found
#include <gif_lib.h>
         ^
1 error generated.
configure:13501: $? = 1
configure: failed program was:
| /* confdefs.h */
| #define PACKAGE_NAME "libwebp"
| #define PACKAGE_TARNAME "libwebp"
| #define PACKAGE_VERSION "0.4.2"
| #define PACKAGE_STRING "libwebp 0.4.2"
| #define PACKAGE_BUGREPORT "http://code.google.com/p/webp/issues"
| #define PACKAGE_URL "http://developers.google.com/speed/webp"
| #define PACKAGE "libwebp"
| #define VERSION "0.4.2"
| #define STDC_HEADERS 1
| #define HAVE_SYS_TYPES_H 1
| #define HAVE_SYS_STAT_H 1
| #define HAVE_STDLIB_H 1
| #define HAVE_STRING_H 1
| #define HAVE_MEMORY_H 1
| #define HAVE_STRINGS_H 1
| #define HAVE_INTTYPES_H 1
| #define HAVE_STDINT_H 1
| #define HAVE_UNISTD_H 1
| #define HAVE_DLFCN_H 1
| #define LT_OBJDIR ".libs/"
| #define HAVE_BUILTIN_BSWAP16 1
| #define HAVE_BUILTIN_BSWAP32 1
| #define HAVE_BUILTIN_BSWAP64 1
| #define HAVE_PTHREAD_PRIO_INHERIT 1
| #define WEBP_USE_THREAD 1
| /* end confdefs.h.  */
| #include <stdio.h>
| #ifdef HAVE_SYS_TYPES_H
| # include <sys/types.h>
| #endif
| #ifdef HAVE_SYS_STAT_H
| # include <sys/stat.h>
| #endif
| #ifdef STDC_HEADERS
| # include <stdlib.h>
| # include <stddef.h>
| #else
| # ifdef HAVE_STDLIB_H
| #  include <stdlib.h>
| # endif
| #endif
| #ifdef HAVE_STRING_H
| # if !defined STDC_HEADERS && defined HAVE_MEMORY_H
| #  include <memory.h>
| # endif
| # include <string.h>
| #endif
| #ifdef HAVE_STRINGS_H
| # include <strings.h>
| #endif
| #ifdef HAVE_INTTYPES_H
| # include <inttypes.h>
| #endif
| #ifdef HAVE_STDINT_H
| # include <stdint.h>
| #endif
| #ifdef HAVE_UNISTD_H
| # include <unistd.h>
| #endif
| #include <gif_lib.h>
configure:13501: result: no
configure:13501: checking gif_lib.h presence
configure:13501: gcc -E   conftest.c
conftest.c:28:10: fatal error: 'gif_lib.h' file not found
#include <gif_lib.h>
         ^
1 error generated.
configure:13501: $? = 1
configure: failed program was:
| /* confdefs.h */
| #define PACKAGE_NAME "libwebp"
| #define PACKAGE_TARNAME "libwebp"
| #define PACKAGE_VERSION "0.4.2"
| #define PACKAGE_STRING "libwebp 0.4.2"
| #define PACKAGE_BUGREPORT "http://code.google.com/p/webp/issues"
| #define PACKAGE_URL "http://developers.google.com/speed/webp"
| #define PACKAGE "libwebp"
| #define VERSION "0.4.2"
| #define STDC_HEADERS 1
| #define HAVE_SYS_TYPES_H 1
| #define HAVE_SYS_STAT_H 1
| #define HAVE_STDLIB_H 1
| #define HAVE_STRING_H 1
| #define HAVE_MEMORY_H 1
| #define HAVE_STRINGS_H 1
| #define HAVE_INTTYPES_H 1
| #define HAVE_STDINT_H 1
| #define HAVE_UNISTD_H 1
| #define HAVE_DLFCN_H 1
| #define LT_OBJDIR ".libs/"
| #define HAVE_BUILTIN_BSWAP16 1
| #define HAVE_BUILTIN_BSWAP32 1
| #define HAVE_BUILTIN_BSWAP64 1
| #define HAVE_PTHREAD_PRIO_INHERIT 1
| #define WEBP_USE_THREAD 1
| /* end confdefs.h.  */
| #include <gif_lib.h>
configure:13501: result: no
configure:13501: checking for gif_lib.h
configure:13501: result: no
configure:13552: WARNING: gif library not available - no gif_lib.h
configure:13663: checking if --enable-aligned option is specified
configure:13675: result: no
configure:13680: checking if --enable-swap-16bit-csp option is specified
configure:13690: result: yes
configure:13696: checking if --enable-experimental option is specified
configure:13709: result: no
configure:13713: checking whether libwebpmux is to be built
configure:13720: result: no
configure:13731: checking whether libwebpdemux is to be built
configure:13738: result: no
configure:13749: checking whether decoder library is to be built
configure:13756: result: yes
configure:13884: checking that generated files are newer than configure
configure:13890: result: done
configure:13934: creating ./config.status

## ---------------------- ##
## Running config.status. ##
## ---------------------- ##

This file was extended by libwebp config.status 0.4.2, which was
generated by GNU Autoconf 2.69.  Invocation command line was

  CONFIG_FILES    = 
  CONFIG_HEADERS  = 
  CONFIG_LINKS    = 
  CONFIG_COMMANDS = 
  $ ./config.status 

on lololols-MacBook-Air-3.local

config.status:1129: creating Makefile
config.status:1129: creating src/Makefile
config.status:1129: creating man/Makefile
config.status:1129: creating examples/Makefile
config.status:1129: creating src/dec/Makefile
config.status:1129: creating src/enc/Makefile
config.status:1129: creating src/dsp/Makefile
config.status:1129: creating src/demux/Makefile
config.status:1129: creating src/mux/Makefile
config.status:1129: creating src/utils/Makefile
config.status:1129: creating src/libwebp.pc
config.status:1129: creating src/libwebpdecoder.pc
config.status:1129: creating src/demux/libwebpdemux.pc
config.status:1129: creating src/mux/libwebpmux.pc
config.status:1129: creating src/webp/config.h
config.status:1310: src/webp/config.h is unchanged
config.status:1358: executing depfiles commands
config.status:1358: executing libtool commands
configure:16202:
WebP Configuration Summary
--------------------------

Shared libraries: no
Static libraries: yes
Threading support: yes
libwebp: yes
libwebpdecoder: yes
libwebpdemux: no
libwebpmux: no

Tools:
cwebp : yes
  Input format support
  ====================
  JPEG : no
  PNG  : no
  TIFF : no
  WIC  : no
dwebp : yes
  Output format support
  =====================
  PNG  : no
  WIC  : no
GIF support : no
gif2webp    : no
webpmux     : no
vwebp       : no


## ---------------- ##
## Cache variables. ##
## ---------------- ##

ac_cv_build=x86_64-apple-darwin13.4.0
ac_cv_c_bigendian=no
ac_cv_c_compiler_gnu=yes
ac_cv_env_CC_set=
ac_cv_env_CC_value=
ac_cv_env_CFLAGS_set=set
ac_cv_env_CFLAGS_value='-arch arm64 -pipe -isysroot /Applications/Xcode.app/Contents/Developer/Platforms/iPhoneOS.platform/Developer/SDKs/iPhoneOS8.1.sdk/ -O3 -DNDEBUG -miphoneos-version-min=6.0'
ac_cv_env_CPPFLAGS_set=
ac_cv_env_CPPFLAGS_value=
ac_cv_env_CPP_set=
ac_cv_env_CPP_value=
ac_cv_env_LDFLAGS_set=
ac_cv_env_LDFLAGS_value=
ac_cv_env_LIBS_set=
ac_cv_env_LIBS_value=
ac_cv_env_build_alias_set=set
ac_cv_env_build_alias_value=x86_64-apple-darwin13.4.0
ac_cv_env_host_alias_set=set
ac_cv_env_host_alias_value=aarch64-apple-darwin
ac_cv_env_target_alias_set=
ac_cv_env_target_alias_value=
ac_cv_header_GLUT_glut_h=no
ac_cv_header_GL_glut_h=no
ac_cv_header_OpenGL_glut_h=no
ac_cv_header_dlfcn_h=yes
ac_cv_header_emmintrin_h=no
ac_cv_header_gif_lib_h=no
ac_cv_header_immintrin_h=no
ac_cv_header_inttypes_h=yes
ac_cv_header_jpeglib_h=no
ac_cv_header_memory_h=yes
ac_cv_header_png_h=yes
ac_cv_header_stdc=yes
ac_cv_header_stdint_h=yes
ac_cv_header_stdlib_h=yes
ac_cv_header_string_h=yes
ac_cv_header_strings_h=yes
ac_cv_header_sys_stat_h=yes
ac_cv_header_sys_types_h=yes
ac_cv_header_tiffio_h=no
ac_cv_header_unistd_h=yes
ac_cv_host=aarch64-apple-darwin
ac_cv_objext=o
ac_cv_path_EGREP='/usr/bin/grep -E'
ac_cv_path_FGREP='/usr/bin/grep -F'
ac_cv_path_GREP=/usr/bin/grep
ac_cv_path_LIBPNG_CONFIG=/opt/local/bin/libpng-config
ac_cv_path_SED=/usr/bin/sed
ac_cv_path_install='/usr/bin/install -c'
ac_cv_prog_AR=ar
ac_cv_prog_AWK=awk
ac_cv_prog_CPP='gcc -E'
ac_cv_prog_STRIP=strip
ac_cv_prog_ac_ct_AR=ar
ac_cv_prog_ac_ct_CC=gcc
ac_cv_prog_ac_ct_DSYMUTIL=dsymutil
ac_cv_prog_ac_ct_DUMPBIN='link -dump'
ac_cv_prog_ac_ct_LIPO=lipo
ac_cv_prog_ac_ct_NMEDIT=nmedit
ac_cv_prog_ac_ct_OTOOL=otool
ac_cv_prog_ac_ct_RANLIB=ranlib
ac_cv_prog_ac_ct_STRIP=strip
ac_cv_prog_cc_c89=
ac_cv_prog_cc_g=yes
ac_cv_prog_make_make_set=yes
ac_cv_search_png_get_libpng_ver=no
am_cv_CC_dependencies_compiler_type=gcc3
am_cv_ar_interface=ar
am_cv_make_support_nested_variables=yes
am_cv_prog_cc_c_o=yes
ax_cv_PTHREAD_PRIO_INHERIT=yes
lt_cv_apple_cc_single_mod=yes
lt_cv_ar_at_file=no
lt_cv_deplibs_check_method=pass_all
lt_cv_file_magic_cmd='$MAGIC_CMD'
lt_cv_file_magic_test_file=
lt_cv_ld_exported_symbols_list=yes
lt_cv_ld_force_load=yes
lt_cv_ld_reload_flag=-r
lt_cv_nm_interface='BSD nm'
lt_cv_objdir=.libs
lt_cv_path_LD=/Applications/Xcode.app/Contents/Developer/Toolchains/XcodeDefault.xctoolchain/usr/bin/ld
lt_cv_path_NM=no
lt_cv_path_mainfest_tool=no
lt_cv_prog_compiler_c_o=yes
lt_cv_prog_compiler_pic='-fno-common -DPIC'
lt_cv_prog_compiler_pic_works=yes
lt_cv_prog_compiler_rtti_exceptions=yes
lt_cv_prog_compiler_static_works=no
lt_cv_prog_gnu_ld=no
lt_cv_sharedlib_from_linklib_cmd='printf %s\n'
lt_cv_sys_global_symbol_pipe='sed -n -e '\''s/^.*[	 ]\([BCDEGRST][BCDEGRST]*\)[	 ][	 ]*_\([_A-Za-z][_A-Za-z0-9]*\)$/\1 _\2 \2/p'\'' | sed '\''/ __gnu_lto/d'\'''
lt_cv_sys_global_symbol_to_c_name_address='sed -n -e '\''s/^: \([^ ]*\)[ ]*$/  {\"\1\", (void *) 0},/p'\'' -e '\''s/^[BCDEGRST]* \([^ ]*\) \([^ ]*\)$/  {"\2", (void *) \&\2},/p'\'''
lt_cv_sys_global_symbol_to_c_name_address_lib_prefix='sed -n -e '\''s/^: \([^ ]*\)[ ]*$/  {\"\1\", (void *) 0},/p'\'' -e '\''s/^[BCDEGRST]* \([^ ]*\) \(lib[^ ]*\)$/  {"\2", (void *) \&\2},/p'\'' -e '\''s/^[BCDEGRST]* \([^ ]*\) \([^ ]*\)$/  {"lib\2", (void *) \&\2},/p'\'''
lt_cv_sys_global_symbol_to_cdecl='sed -n -e '\''s/^T .* \(.*\)$/extern int \1();/p'\'' -e '\''s/^[BCDEGRST]* .* \(.*\)$/extern char \1;/p'\'''
lt_cv_sys_max_cmd_len=196608
lt_cv_to_host_file_cmd=func_convert_file_noop
lt_cv_to_tool_file_cmd=func_convert_file_noop

## ----------------- ##
## Output variables. ##
## ----------------- ##

ACLOCAL='${SHELL} /Users/lololol/Desktop/new/missing aclocal-1.14'
AMDEPBACKSLASH='\'
AMDEP_FALSE='#'
AMDEP_TRUE=''
AMTAR='$${TAR-tar}'
AM_BACKSLASH='\'
AM_CFLAGS=' -Wall -Wdeclaration-after-statement -Wextra -Wformat-nonliteral -Wformat-security -Wmissing-declarations -Wmissing-prototypes -Wold-style-definition -Wshadow -Wunused -Wvla'
AM_DEFAULT_V='$(AM_DEFAULT_VERBOSITY)'
AM_DEFAULT_VERBOSITY='0'
AM_V='$(V)'
AR='ar'
AUTOCONF='${SHELL} /Users/lololol/Desktop/new/missing autoconf'
AUTOHEADER='${SHELL} /Users/lololol/Desktop/new/missing autoheader'
AUTOMAKE='${SHELL} /Users/lololol/Desktop/new/missing automake-1.14'
AVX2_FLAGS=''
AWK='awk'
BUILD_GIF2WEBP_FALSE=''
BUILD_GIF2WEBP_TRUE='#'
BUILD_LIBWEBPDECODER_FALSE='#'
BUILD_LIBWEBPDECODER_TRUE=''
BUILD_VWEBP_FALSE=''
BUILD_VWEBP_TRUE='#'
CC='gcc'
CCDEPMODE='depmode=gcc3'
CFLAGS='-arch arm64 -pipe -isysroot /Applications/Xcode.app/Contents/Developer/Platforms/iPhoneOS.platform/Developer/SDKs/iPhoneOS8.1.sdk/ -O3 -DNDEBUG -miphoneos-version-min=6.0 -D_THREAD_SAFE -pthread'
CPP='gcc -E'
CPPFLAGS=''
CYGPATH_W='echo'
DEFS='-DHAVE_CONFIG_H'
DEPDIR='.deps'
DLLTOOL='false'
DSYMUTIL='dsymutil'
DUMPBIN=':'
ECHO_C='\c'
ECHO_N=''
ECHO_T=''
EGREP='/usr/bin/grep -E'
EXEEXT=''
FGREP='/usr/bin/grep -F'
GIF_INCLUDES=''
GIF_LIBS=''
GL_INCLUDES=''
GL_LIBS=''
GREP='/usr/bin/grep'
INSTALL_DATA='${INSTALL} -m 644'
INSTALL_PROGRAM='${INSTALL}'
INSTALL_SCRIPT='${INSTALL}'
INSTALL_STRIP_PROGRAM='$(install_sh) -c -s'
JPEG_INCLUDES=''
JPEG_LIBS=''
LD='/Applications/Xcode.app/Contents/Developer/Toolchains/XcodeDefault.xctoolchain/usr/bin/ld'
LDFLAGS=''
LIBOBJS=''
LIBPNG_CONFIG='/opt/local/bin/libpng-config'
LIBS=' '
LIBTOOL='$(SHELL) $(top_builddir)/libtool'
LIPO='lipo'
LN_S='ln -s'
LTLIBOBJS=''
MAKEINFO='${SHELL} /Users/lololol/Desktop/new/missing makeinfo'
MANIFEST_TOOL=':'
MKDIR_P='./install-sh -c -d'
NM='nm'
NMEDIT='nmedit'
OBJDUMP='false'
OBJEXT='o'
OTOOL64=':'
OTOOL='otool'
PACKAGE='libwebp'
PACKAGE_BUGREPORT='http://code.google.com/p/webp/issues'
PACKAGE_NAME='libwebp'
PACKAGE_STRING='libwebp 0.4.2'
PACKAGE_TARNAME='libwebp'
PACKAGE_URL='http://developers.google.com/speed/webp'
PACKAGE_VERSION='0.4.2'
PATH_SEPARATOR=':'
PNG_INCLUDES=''
PNG_LIBS=''
PTHREAD_CC='gcc'
PTHREAD_CFLAGS='-D_THREAD_SAFE -pthread'
PTHREAD_LIBS=''
RANLIB='ranlib'
SED='/usr/bin/sed'
SET_MAKE=''
SHELL='/bin/sh'
SSE2_FLAGS=''
STRIP='strip'
TIFF_INCLUDES=''
TIFF_LIBS=''
USE_EXPERIMENTAL_CODE=''
USE_SWAP_16BIT_CSP='-DWEBP_SWAP_16BIT_CSP'
VERSION='0.4.2'
WANT_DEMUX_FALSE=''
WANT_DEMUX_TRUE='#'
WANT_MUX_FALSE=''
WANT_MUX_TRUE='#'
ac_ct_AR='ar'
ac_ct_CC='gcc'
ac_ct_DUMPBIN='link -dump'
am__EXEEXT_FALSE=''
am__EXEEXT_TRUE='#'
am__fastdepCC_FALSE='#'
am__fastdepCC_TRUE=''
am__include='include'
am__isrc=''
am__leading_dot='.'
am__nodep='_no'
am__quote=''
am__tar='$${TAR-tar} chof - "$$tardir"'
am__untar='$${TAR-tar} xf -'
ax_pthread_config=''
bindir='${exec_prefix}/bin'
build='x86_64-apple-darwin13.4.0'
build_alias='x86_64-apple-darwin13.4.0'
build_cpu='x86_64'
build_os='darwin13.4.0'
build_vendor='apple'
datadir='${datarootdir}'
datarootdir='${prefix}/share'
docdir='${datarootdir}/doc/${PACKAGE_TARNAME}'
dvidir='${docdir}'
exec_prefix='${prefix}'
host='aarch64-apple-darwin'
host_alias='aarch64-apple-darwin'
host_cpu='aarch64'
host_os='darwin'
host_vendor='apple'
htmldir='${docdir}'
includedir='${prefix}/include'
infodir='${datarootdir}/info'
install_sh='${SHELL} /Users/lololol/Desktop/new/install-sh'
libdir='${exec_prefix}/lib'
libexecdir='${exec_prefix}/libexec'
localedir='${datarootdir}/locale'
localstatedir='${prefix}/var'
mandir='${datarootdir}/man'
mkdir_p='$(MKDIR_P)'
oldincludedir='/usr/include'
pdfdir='${docdir}'
pkgconfigdir='${libdir}/pkgconfig'
prefix='/Users/lololol/Desktop/new/iosbuild/iPhoneOS-8.1-aarch64'
program_transform_name='s,x,x,'
psdir='${docdir}'
sbindir='${exec_prefix}/sbin'
sharedstatedir='${prefix}/com'
sysconfdir='${prefix}/etc'
target_alias=''

## ----------- ##
## confdefs.h. ##
## ----------- ##

/* confdefs.h */
#define PACKAGE_NAME "libwebp"
#define PACKAGE_TARNAME "libwebp"
#define PACKAGE_VERSION "0.4.2"
#define PACKAGE_STRING "libwebp 0.4.2"
#define PACKAGE_BUGREPORT "http://code.google.com/p/webp/issues"
#define PACKAGE_URL "http://developers.google.com/speed/webp"
#define PACKAGE "libwebp"
#define VERSION "0.4.2"
#define STDC_HEADERS 1
#define HAVE_SYS_TYPES_H 1
#define HAVE_SYS_STAT_H 1
#define HAVE_STDLIB_H 1
#define HAVE_STRING_H 1
#define HAVE_MEMORY_H 1
#define HAVE_STRINGS_H 1
#define HAVE_INTTYPES_H 1
#define HAVE_STDINT_H 1
#define HAVE_UNISTD_H 1
#define HAVE_DLFCN_H 1
#define LT_OBJDIR ".libs/"
#define HAVE_BUILTIN_BSWAP16 1
#define HAVE_BUILTIN_BSWAP32 1
#define HAVE_BUILTIN_BSWAP64 1
#define HAVE_PTHREAD_PRIO_INHERIT 1
#define WEBP_USE_THREAD 1

configure: exit 0
